app/build/intermediates/manifest_merge_blame_file/release/processReleaseMainManifest/manifest-merger-blame-release-report.txt
1<?xml version="1.0" encoding="utf-8"?>
2<manifest xmlns:android="http://schemas.android.com/apk/res/android"
3    package="com.glyphsynapse.app"
4    android:versionCode="1"
5    android:versionName="1.0.0" >
6
7    <uses-sdk
8        android:minSdkVersion="34"
9        android:targetSdkVersion="35" />
10
11    <!-- Permissions -->
12    <uses-permission android:name="android.permission.FOREGROUND_SERVICE" />
12-->src/main/AndroidManifest.xml:6:5-77
12-->src/main/AndroidManifest.xml:6:22-74
13    <uses-permission android:name="android.permission.FOREGROUND_SERVICE_SPECIAL_USE" />
13-->src/main/AndroidManifest.xml:7:5-89
13-->src/main/AndroidManifest.xml:7:22-86
14    <uses-permission android:name="android.permission.WAKE_LOCK" />
14-->src/main/AndroidManifest.xml:8:5-68
14-->src/main/AndroidManifest.xml:8:22-65
15    <uses-permission android:name="android.permission.RECEIVE_BOOT_COMPLETED" />
15-->src/main/AndroidManifest.xml:9:5-81
15-->src/main/AndroidManifest.xml:9:22-78
16    <uses-permission android:name="android.permission.BIND_NOTIFICATION_LISTENER_SERVICE" />
16-->src/main/AndroidManifest.xml:10:5-93
16-->src/main/AndroidManifest.xml:10:22-90
17    <uses-permission android:name="com.nothing.ketchum.permission.ENABLE" />
17-->src/main/AndroidManifest.xml:11:5-77
17-->src/main/AndroidManifest.xml:11:22-74
18    <uses-permission android:name="android.permission.POST_NOTIFICATIONS" />
18-->src/main/AndroidManifest.xml:12:5-77
18-->src/main/AndroidManifest.xml:12:22-74
19
20    <!-- Nothing OS detection -->
21    <queries>
21-->src/main/AndroidManifest.xml:15:5-18:15
22        <package android:name="com.nothing.launcher" />
22-->src/main/AndroidManifest.xml:16:9-56
22-->src/main/AndroidManifest.xml:16:18-53
23        <package android:name="com.nothing.settings" />
23-->src/main/AndroidManifest.xml:17:9-56
23-->src/main/AndroidManifest.xml:17:18-53
24    </queries>
25
26    <permission
26-->[androidx.core:core:1.13.1] AndroidManifest.xml:22:5-24:47
27        android:name="com.glyphsynapse.app.DYNAMIC_RECEIVER_NOT_EXPORTED_PERMISSION"
27-->[androidx.core:core:1.13.1] AndroidManifest.xml:23:9-81
28        android:protectionLevel="signature" />
28-->[androidx.core:core:1.13.1] AndroidManifest.xml:24:9-44
29
30    <uses-permission android:name="com.glyphsynapse.app.DYNAMIC_RECEIVER_NOT_EXPORTED_PERMISSION" />
30-->[androidx.core:core:1.13.1] AndroidManifest.xml:26:5-97
30-->[androidx.core:core:1.13.1] AndroidManifest.xml:26:22-94
31
32    <application
32-->src/main/AndroidManifest.xml:20:5-89:19
33        android:name="com.glyphsynapse.app.GlyphSynapseApp"
33-->src/main/AndroidManifest.xml:21:9-40
34        android:allowBackup="false"
34-->src/main/AndroidManifest.xml:22:9-36
35        android:appComponentFactory="androidx.core.app.CoreComponentFactory"
35-->[androidx.core:core:1.13.1] AndroidManifest.xml:28:18-86
36        android:extractNativeLibs="false"
37        android:icon="@mipmap/ic_launcher"
37-->src/main/AndroidManifest.xml:23:9-43
38        android:label="@string/app_name"
38-->src/main/AndroidManifest.xml:24:9-41
39        android:roundIcon="@mipmap/ic_launcher_round"
39-->src/main/AndroidManifest.xml:25:9-54
40        android:supportsRtl="true"
40-->src/main/AndroidManifest.xml:26:9-35
41        android:theme="@style/Theme.GlyphSynapse" >
41-->src/main/AndroidManifest.xml:27:9-50
42
43        <!-- Nothing Glyph SDK authentication key — use "test" during development -->
44        <meta-data
44-->src/main/AndroidManifest.xml:31:9-33:36
45            android:name="NothingKey"
45-->src/main/AndroidManifest.xml:32:13-38
46            android:value="test" />
46-->src/main/AndroidManifest.xml:33:13-33
47
48        <activity
48-->src/main/AndroidManifest.xml:35:9-43:20
49            android:name="com.glyphsynapse.app.MainActivity"
49-->src/main/AndroidManifest.xml:36:13-41
50            android:exported="true"
50-->src/main/AndroidManifest.xml:37:13-36
51            android:windowSoftInputMode="adjustResize" >
51-->src/main/AndroidManifest.xml:38:13-55
52            <intent-filter>
52-->src/main/AndroidManifest.xml:39:13-42:29
53                <action android:name="android.intent.action.MAIN" />
53-->src/main/AndroidManifest.xml:40:17-69
53-->src/main/AndroidManifest.xml:40:25-66
54
55                <category android:name="android.intent.category.LAUNCHER" />
55-->src/main/AndroidManifest.xml:41:17-77
55-->src/main/AndroidManifest.xml:41:27-74
56            </intent-filter>
57        </activity>
58
59        <!-- Foreground animation service -->
60        <service
60-->src/main/AndroidManifest.xml:46:9-54:19
61            android:name="com.glyphsynapse.app.service.GlyphAnimationService"
61-->src/main/AndroidManifest.xml:47:13-58
62            android:enabled="true"
62-->src/main/AndroidManifest.xml:48:13-35
63            android:exported="false"
63-->src/main/AndroidManifest.xml:49:13-37
64            android:foregroundServiceType="specialUse" >
64-->src/main/AndroidManifest.xml:50:13-55
65            <property
65-->src/main/AndroidManifest.xml:51:13-53:88
66                android:name="android.app.PROPERTY_SPECIAL_USE_FGS_SUBTYPE"
66-->src/main/AndroidManifest.xml:52:17-76
67                android:value="Drives Nothing Glyph Interface animations during AOD" />
67-->src/main/AndroidManifest.xml:53:17-85
68        </service>
69
70        <!-- Notification listener -->
71        <service
71-->src/main/AndroidManifest.xml:57:9-65:19
72            android:name="com.glyphsynapse.app.service.GlyphNotificationListenerService"
72-->src/main/AndroidManifest.xml:58:13-69
73            android:exported="true"
73-->src/main/AndroidManifest.xml:59:13-36
74            android:label="@string/notification_listener_label"
74-->src/main/AndroidManifest.xml:60:13-64
75            android:permission="android.permission.BIND_NOTIFICATION_LISTENER_SERVICE" >
75-->src/main/AndroidManifest.xml:61:13-87
76            <intent-filter>
76-->src/main/AndroidManifest.xml:62:13-64:29
77                <action android:name="android.service.notification.NotificationListenerService" />
77-->src/main/AndroidManifest.xml:63:17-99
77-->src/main/AndroidManifest.xml:63:25-96
78            </intent-filter>
79        </service>
80
81        <!-- Quick Settings tile -->
82        <service
82-->src/main/AndroidManifest.xml:68:9-77:19
83            android:name="com.glyphsynapse.app.service.GlyphTileService"
83-->src/main/AndroidManifest.xml:69:13-53
84            android:exported="true"
84-->src/main/AndroidManifest.xml:70:13-36
85            android:icon="@drawable/ic_tile_glyph"
85-->src/main/AndroidManifest.xml:71:13-51
86            android:label="@string/tile_label"
86-->src/main/AndroidManifest.xml:72:13-47
87            android:permission="android.permission.BIND_QUICK_SETTINGS_TILE" >
87-->src/main/AndroidManifest.xml:73:13-77
88            <intent-filter>
88-->src/main/AndroidManifest.xml:74:13-76:29
89                <action android:name="android.service.quicksettings.action.QS_TILE" />
89-->src/main/AndroidManifest.xml:75:17-87
89-->src/main/AndroidManifest.xml:75:25-84
90            </intent-filter>
91        </service>
92
93        <!-- Boot receiver -->
94        <receiver
94-->src/main/AndroidManifest.xml:80:9-87:20
95            android:name="com.glyphsynapse.app.service.BootReceiver"
95-->src/main/AndroidManifest.xml:81:13-49
96            android:exported="false" >
96-->src/main/AndroidManifest.xml:82:13-37
97            <intent-filter>
97-->src/main/AndroidManifest.xml:83:13-86:29
98                <action android:name="android.intent.action.BOOT_COMPLETED" />
98-->src/main/AndroidManifest.xml:84:17-79
98-->src/main/AndroidManifest.xml:84:25-76
99                <action android:name="android.intent.action.MY_PACKAGE_REPLACED" />
99-->src/main/AndroidManifest.xml:85:17-84
99-->src/main/AndroidManifest.xml:85:25-81
100            </intent-filter>
101        </receiver>
102
103        <provider
103-->[androidx.emoji2:emoji2:1.3.0] AndroidManifest.xml:24:9-32:20
104            android:name="androidx.startup.InitializationProvider"
104-->[androidx.emoji2:emoji2:1.3.0] AndroidManifest.xml:25:13-67
105            android:authorities="com.glyphsynapse.app.androidx-startup"
105-->[androidx.emoji2:emoji2:1.3.0] AndroidManifest.xml:26:13-68
106            android:exported="false" >
106-->[androidx.emoji2:emoji2:1.3.0] AndroidManifest.xml:27:13-37
107            <meta-data
107-->[androidx.emoji2:emoji2:1.3.0] AndroidManifest.xml:29:13-31:52
108                android:name="androidx.emoji2.text.EmojiCompatInitializer"
108-->[androidx.emoji2:emoji2:1.3.0] AndroidManifest.xml:30:17-75
109                android:value="androidx.startup" />
109-->[androidx.emoji2:emoji2:1.3.0] AndroidManifest.xml:31:17-49
110            <meta-data
110-->[androidx.lifecycle:lifecycle-process:2.8.7] AndroidManifest.xml:29:13-31:52
111                android:name="androidx.lifecycle.ProcessLifecycleInitializer"
111-->[androidx.lifecycle:lifecycle-process:2.8.7] AndroidManifest.xml:30:17-78
112                android:value="androidx.startup" />
112-->[androidx.lifecycle:lifecycle-process:2.8.7] AndroidManifest.xml:31:17-49
113            <meta-data
113-->[androidx.profileinstaller:profileinstaller:1.3.1] AndroidManifest.xml:29:13-31:52
114                android:name="androidx.profileinstaller.ProfileInstallerInitializer"
114-->[androidx.profileinstaller:profileinstaller:1.3.1] AndroidManifest.xml:30:17-85
115                android:value="androidx.startup" />
115-->[androidx.profileinstaller:profileinstaller:1.3.1] AndroidManifest.xml:31:17-49
116        </provider>
117
118        <receiver
118-->[androidx.profileinstaller:profileinstaller:1.3.1] AndroidManifest.xml:34:9-52:20
119            android:name="androidx.profileinstaller.ProfileInstallReceiver"
119-->[androidx.profileinstaller:profileinstaller:1.3.1] AndroidManifest.xml:35:13-76
120            android:directBootAware="false"
120-->[androidx.profileinstaller:profileinstaller:1.3.1] AndroidManifest.xml:36:13-44
121            android:enabled="true"
121-->[androidx.profileinstaller:profileinstaller:1.3.1] AndroidManifest.xml:37:13-35
122            android:exported="true"
122-->[androidx.profileinstaller:profileinstaller:1.3.1] AndroidManifest.xml:38:13-36
123            android:permission="android.permission.DUMP" >
123-->[androidx.profileinstaller:profileinstaller:1.3.1] AndroidManifest.xml:39:13-57
124            <intent-filter>
124-->[androidx.profileinstaller:profileinstaller:1.3.1] AndroidManifest.xml:40:13-42:29
125                <action android:name="androidx.profileinstaller.action.INSTALL_PROFILE" />
125-->[androidx.profileinstaller:profileinstaller:1.3.1] AndroidManifest.xml:41:17-91
125-->[androidx.profileinstaller:profileinstaller:1.3.1] AndroidManifest.xml:41:25-88
126            </intent-filter>
127            <intent-filter>
127-->[androidx.profileinstaller:profileinstaller:1.3.1] AndroidManifest.xml:43:13-45:29
128                <action android:name="androidx.profileinstaller.action.SKIP_FILE" />
128-->[androidx.profileinstaller:profileinstaller:1.3.1] AndroidManifest.xml:44:17-85
128-->[androidx.profileinstaller:profileinstaller:1.3.1] AndroidManifest.xml:44:25-82
129            </intent-filter>
130            <intent-filter>
130-->[androidx.profileinstaller:profileinstaller:1.3.1] AndroidManifest.xml:46:13-48:29
131                <action android:name="androidx.profileinstaller.action.SAVE_PROFILE" />
131-->[androidx.profileinstaller:profileinstaller:1.3.1] AndroidManifest.xml:47:17-88
131-->[androidx.profileinstaller:profileinstaller:1.3.1] AndroidManifest.xml:47:25-85
132            </intent-filter>
133            <intent-filter>
133-->[androidx.profileinstaller:profileinstaller:1.3.1] AndroidManifest.xml:49:13-51:29
134                <action android:name="androidx.profileinstaller.action.BENCHMARK_OPERATION" />
134-->[androidx.profileinstaller:profileinstaller:1.3.1] AndroidManifest.xml:50:17-95
134-->[androidx.profileinstaller:profileinstaller:1.3.1] AndroidManifest.xml:50:25-92
135            </intent-filter>
136        </receiver>
137    </application>
138
139</manifest>